<?xml version="1.0" encoding="UTF-8"?>
<testng-results skipped="0" failed="0" total="1" passed="1">
  <reporter-output>
  </reporter-output>
  <suite name="Default suite" duration-ms="19286" started-at="2022-12-31T01:32:11Z" finished-at="2022-12-31T01:32:30Z">
    <groups>
    </groups>
    <test name="Default test" duration-ms="19286" started-at="2022-12-31T01:32:11Z" finished-at="2022-12-31T01:32:30Z">
      <class name="listenser.TC001">
        <test-method status="PASS" signature="webAPP()[pri:0, instance:listenser.TC001@553f17c]" name="webAPP" duration-ms="19273" started-at="2022-12-31T07:02:11Z" finished-at="2022-12-31T07:02:30Z">
          <reporter-output>
          </reporter-output>
        </test-method> <!-- webAPP -->
      </class> <!-- listenser.TC001 -->
    </test> <!-- Default test -->
  </suite> <!-- Default suite -->
</testng-results>
